<?xml version="1.0" encoding="UTF-8"?>
<!-- Generated by org.testng.reporters.JUnitReportReporter -->
<testsuite skipped="0" hostname="QAP36-PC" name="mavenjar.classa" tests="1" failures="0" timestamp="26 Oct 2018 06:44:45 GMT" time="0.007" errors="0">
  <testcase name="method2" time="0.007" classname="mavenjar.classa"/>
</testsuite> <!-- mavenjar.classa -->
